
-------------------------------------------------------------------------------

/home/busanaco/public_html/maidmarket.ph/dev/js/jquery/jqueryFileTree/connectors/user.php: Php.Malware.Mailbot-1 FOUND
/home/busanaco/public_html/maidmarket.ph/dev/application/modules/Sitemap/models/options.php.zip: Php.Malware.Mailbot-1 FOUND
/home/busanaco/public_html/maidmarket.ph/dev/application/modules/Database/themes.php: Php.Malware.Mailbot-1 FOUND
/home/busanaco/public_html/maidmarket.ph/dev/application/modules/Vote/models/DbTable/files.php: Php.Malware.Mailbot-1 FOUND
/home/busanaco/public_html/maidmarket.ph/dev/css/jqueryCSS/colorbox/example3/config.php: Php.Malware.Mailbot-1 FOUND
/home/busanaco/public_html/pembantu.com.old/js/jquery/jqueryFileTree/connectors/user.php: Php.Malware.Mailbot-1 FOUND
/home/busanaco/public_html/pembantu.com.old/application/modules/Sitemap/models/options.php.zip: Php.Malware.Mailbot-1 FOUND
/home/busanaco/public_html/pembantu.com.old/application/modules/Database/themes.php: Php.Malware.Mailbot-1 FOUND
/home/busanaco/public_html/pembantu.com.old/application/modules/Vote/views/helpers/session.php: Php.Malware.Mailbot-1 FOUND
/home/busanaco/public_html/pembantu.com.old/application/modules/Vote/models/DbTable/files.php: Php.Malware.Mailbot-1 FOUND
/home/busanaco/public_html/pembantu.com.old/css/jqueryCSS/colorbox/example3/config.php: Php.Malware.Mailbot-1 FOUND
/home/busanaco/public_html/sedekah.com/userfiles/image/ys.jpg: PHP.Hide-1 FOUND

----------- SCAN SUMMARY -----------
Known viruses: 4007759
Engine version: 0.98.7
Scanned directories: 16368
Scanned files: 251373
Infected files: 12
Data scanned: 5455.37 MB
Data read: 12784.88 MB (ratio 0.43:1)
Time: 1003.633 sec (16 m 43 s)

-------------------------------------------------------------------------------

/home/busanaco/public_html/maidmarket.ph/dev/js/jquery/jqueryFileTree/connectors/user.php: Php.Malware.Mailbot-1 FOUND
/home/busanaco/public_html/maidmarket.ph/dev/js/jquery/jqueryFileTree/connectors/user.php: Removed.
/home/busanaco/public_html/maidmarket.ph/dev/application/modules/Sitemap/models/options.php.zip: Php.Malware.Mailbot-1 FOUND
/home/busanaco/public_html/maidmarket.ph/dev/application/modules/Sitemap/models/options.php.zip: Removed.
